<?xml version="1.0" encoding="UTF-8"?>
<testsuite xmlns:xsi="http://www.w3.org/2001/XMLSchema-instance" xsi:noNamespaceSchemaLocation="https://maven.apache.org/surefire/maven-surefire-plugin/xsd/surefire-test-report.xsd" name="altunity.alttrashcatj.GamePlayTest" time="219.92" tests="5" errors="5" skipped="0" failures="0">
  <properties>
    <property name="java.specification.version" value="13"/>
    <property name="sun.cpu.isalist" value="amd64"/>
    <property name="sun.jnu.encoding" value="Cp1252"/>
    <property name="java.class.path" value="D:\AltUnity\alttrashcat-tests---java\alttrashcatj\target\test-classes;D:\AltUnity\alttrashcat-tests---java\alttrashcatj\target\classes;C:\Users\Ionut Benyi\.m2\repository\ro\altom\altunitytester\1.5.2\altunitytester-1.5.2.jar;C:\Users\Ionut Benyi\.m2\repository\junit\junit\4.12\junit-4.12.jar;C:\Users\Ionut Benyi\.m2\repository\org\hamcrest\hamcrest-core\1.3\hamcrest-core-1.3.jar;C:\Users\Ionut Benyi\.m2\repository\org\slf4j\slf4j-log4j12\1.7.26\slf4j-log4j12-1.7.26.jar;C:\Users\Ionut Benyi\.m2\repository\org\slf4j\slf4j-api\1.7.26\slf4j-api-1.7.26.jar;C:\Users\Ionut Benyi\.m2\repository\log4j\log4j\1.2.17\log4j-1.2.17.jar;C:\Users\Ionut Benyi\.m2\repository\com\google\code\gson\gson\2.8.6\gson-2.8.6.jar;"/>
    <property name="java.vm.vendor" value="Oracle Corporation"/>
    <property name="sun.arch.data.model" value="64"/>
    <property name="user.variant" value=""/>
    <property name="java.vendor.url" value="https://java.oracle.com/"/>
    <property name="user.timezone" value="Europe/Bucharest"/>
    <property name="os.name" value="Windows 10"/>
    <property name="java.vm.specification.version" value="13"/>
    <property name="sun.java.launcher" value="SUN_STANDARD"/>
    <property name="user.country" value="US"/>
    <property name="sun.boot.library.path" value="C:\Program Files\Java\jdk-13.0.1\bin"/>
    <property name="sun.java.command" value="C:\Users\IONUTB~1\AppData\Local\Temp\surefire18326700507576089801\surefirebooter11487021356483507647.jar C:\Users\Ionut Benyi\AppData\Local\Temp\surefire18326700507576089801 2020-01-22T10-32-02_583-jvmRun1 surefire10203758988120630130tmp surefire_012156325852819064995tmp"/>
    <property name="jdk.debug" value="release"/>
    <property name="surefire.test.class.path" value="D:\AltUnity\alttrashcat-tests---java\alttrashcatj\target\test-classes;D:\AltUnity\alttrashcat-tests---java\alttrashcatj\target\classes;C:\Users\Ionut Benyi\.m2\repository\ro\altom\altunitytester\1.5.2\altunitytester-1.5.2.jar;C:\Users\Ionut Benyi\.m2\repository\junit\junit\4.12\junit-4.12.jar;C:\Users\Ionut Benyi\.m2\repository\org\hamcrest\hamcrest-core\1.3\hamcrest-core-1.3.jar;C:\Users\Ionut Benyi\.m2\repository\org\slf4j\slf4j-log4j12\1.7.26\slf4j-log4j12-1.7.26.jar;C:\Users\Ionut Benyi\.m2\repository\org\slf4j\slf4j-api\1.7.26\slf4j-api-1.7.26.jar;C:\Users\Ionut Benyi\.m2\repository\log4j\log4j\1.2.17\log4j-1.2.17.jar;C:\Users\Ionut Benyi\.m2\repository\com\google\code\gson\gson\2.8.6\gson-2.8.6.jar;"/>
    <property name="sun.cpu.endian" value="little"/>
    <property name="user.home" value="C:\Users\Ionut Benyi"/>
    <property name="user.language" value="en"/>
    <property name="java.specification.vendor" value="Oracle Corporation"/>
    <property name="java.version.date" value="2019-10-15"/>
    <property name="java.home" value="C:\Program Files\Java\jdk-13.0.1"/>
    <property name="file.separator" value="\"/>
    <property name="basedir" value="D:\AltUnity\alttrashcat-tests---java\alttrashcatj"/>
    <property name="java.vm.compressedOopsMode" value="Zero based"/>
    <property name="line.separator" value="&#10;"/>
    <property name="java.vm.specification.vendor" value="Oracle Corporation"/>
    <property name="java.specification.name" value="Java Platform API Specification"/>
    <property name="surefire.real.class.path" value="C:\Users\IONUTB~1\AppData\Local\Temp\surefire18326700507576089801\surefirebooter11487021356483507647.jar"/>
    <property name="user.script" value=""/>
    <property name="sun.management.compiler" value="HotSpot 64-Bit Tiered Compilers"/>
    <property name="java.runtime.version" value="13.0.1+9"/>
    <property name="user.name" value="Ionut Benyi"/>
    <property name="path.separator" value=";"/>
    <property name="os.version" value="10.0"/>
    <property name="java.runtime.name" value="Java(TM) SE Runtime Environment"/>
    <property name="file.encoding" value="Cp1252"/>
    <property name="java.vm.name" value="Java HotSpot(TM) 64-Bit Server VM"/>
    <property name="localRepository" value="C:\Users\Ionut Benyi\.m2\repository"/>
    <property name="java.vendor.url.bug" value="https://bugreport.java.com/bugreport/"/>
    <property name="java.io.tmpdir" value="C:\Users\IONUTB~1\AppData\Local\Temp\"/>
    <property name="java.version" value="13.0.1"/>
    <property name="user.dir" value="D:\AltUnity\alttrashcat-tests---java\alttrashcatj"/>
    <property name="os.arch" value="amd64"/>
    <property name="java.vm.specification.name" value="Java Virtual Machine Specification"/>
    <property name="sun.os.patch.level" value=""/>
    <property name="java.library.path" value="C:\Program Files\Java\jdk-13.0.1\bin;C:\Windows\Sun\Java\bin;C:\Windows\system32;C:\Windows;C:\Program Files\AdoptOpenJDK\jre-8.0.212.03-hotspot\bin;C:\Program Files (x86)\AdoptOpenJDK\jre-8.0.212.03-hotspot\bin;C:\Program Files\AdoptOpenJDK\jre-11.0.3.7-hotspot\bin;C:\Windows\system32;C:\Windows;C:\Windows\System32\Wbem;C:\Windows\System32\WindowsPowerShell\v1.0\;C:\Windows\System32\OpenSSH\;C:\Program Files\nodejs\;C:\Program Files\Git1\cmd;C:\Program Files\dotnet\;C:\Program Files\Java\jdk-13.0.1\bin;C:\Users\Ionut Benyi\AppData\Local\Microsoft\WindowsApps;C:\Users\Ionut Benyi\AppData\Roaming\npm;C:\Users\Ionut Benyi\AppData\Local\Programs\Microsoft VS Code\bin;C:\Users\Ionut Benyi\AppData\Local\GitHubDesktop\bin;C:\Program Files\apache-maven-3.6.3\bin;;."/>
    <property name="java.vm.info" value="mixed mode, sharing"/>
    <property name="java.vendor" value="Oracle Corporation"/>
    <property name="java.vm.version" value="13.0.1+9"/>
    <property name="sun.io.unicode.encoding" value="UnicodeLittle"/>
    <property name="java.class.version" value="57.0"/>
  </properties>
  <testcase name="testGamePlayDisplayedCorrectly" classname="altunity.alttrashcatj.GamePlayTest" time="30.037">
    <error message="java.net.SocketTimeoutException: Read timed out" type="ro.altom.altunitytester.altUnityTesterExceptions.ConnectionException">ro.altom.altunitytester.altUnityTesterExceptions.ConnectionException: java.net.SocketTimeoutException: Read timed out
	at altunity.alttrashcatj.GamePlayTest.loadLevel(GamePlayTest.java:33)
Caused by: java.net.SocketTimeoutException: Read timed out
	at altunity.alttrashcatj.GamePlayTest.loadLevel(GamePlayTest.java:33)
</error>
    <system-out><![CDATA[2020-01-22 10:32:03 INFO  AltUnityDriver:40    -   Initializing connection to 192.168.11.209:13000
2020-01-22 10:32:03 INFO  AltBaseCommand:68    -   Sending rpc message [enableLogging;true;&]
2020-01-22 10:32:04 INFO  AltBaseCommand:68    -   Sending rpc message [loadScene;Main;&]
]]></system-out>
    <system-err><![CDATA[SLF4J: Class path contains multiple SLF4J bindings.
SLF4J: Found binding in [jar:file:/C:/Users/Ionut%20Benyi/.m2/repository/ro/altom/altunitytester/1.5.2/altunitytester-1.5.2.jar!/org/slf4j/impl/StaticLoggerBinder.class]
SLF4J: Found binding in [jar:file:/C:/Users/Ionut%20Benyi/.m2/repository/org/slf4j/slf4j-log4j12/1.7.26/slf4j-log4j12-1.7.26.jar!/org/slf4j/impl/StaticLoggerBinder.class]
SLF4J: See http://www.slf4j.org/codes.html#multiple_bindings for an explanation.
SLF4J: Actual binding is of type [org.slf4j.impl.Log4jLoggerFactory]
]]></system-err>
  </testcase>
  <testcase name="testPlayerDiesWhenObstacleNotAvoided" classname="altunity.alttrashcatj.GamePlayTest" time="30.085">
    <error message="java.net.SocketTimeoutException: Read timed out" type="ro.altom.altunitytester.altUnityTesterExceptions.ConnectionException">ro.altom.altunitytester.altUnityTesterExceptions.ConnectionException: java.net.SocketTimeoutException: Read timed out
	at altunity.alttrashcatj.GamePlayTest.loadLevel(GamePlayTest.java:33)
Caused by: java.net.SocketTimeoutException: Read timed out
	at altunity.alttrashcatj.GamePlayTest.loadLevel(GamePlayTest.java:33)
</error>
    <system-out><![CDATA[2020-01-22 10:32:34 INFO  AltBaseCommand:68    -   Sending rpc message [loadScene;Main;&]
]]></system-out>
  </testcase>
  <testcase name="testGameCanBePausedAndResumed" classname="altunity.alttrashcatj.GamePlayTest" time="30.108">
    <error message="java.net.SocketTimeoutException: Read timed out" type="ro.altom.altunitytester.altUnityTesterExceptions.ConnectionException">ro.altom.altunitytester.altUnityTesterExceptions.ConnectionException: java.net.SocketTimeoutException: Read timed out
	at altunity.alttrashcatj.GamePlayTest.loadLevel(GamePlayTest.java:33)
Caused by: java.net.SocketTimeoutException: Read timed out
	at altunity.alttrashcatj.GamePlayTest.loadLevel(GamePlayTest.java:33)
</error>
    <system-out><![CDATA[2020-01-22 10:33:04 INFO  AltBaseCommand:68    -   Sending rpc message [loadScene;Main;&]
]]></system-out>
  </testcase>
  <testcase name="testAvoidingObstacles" classname="altunity.alttrashcatj.GamePlayTest" time="30.126">
    <error message="java.net.SocketTimeoutException: Read timed out" type="ro.altom.altunitytester.altUnityTesterExceptions.ConnectionException">ro.altom.altunitytester.altUnityTesterExceptions.ConnectionException: java.net.SocketTimeoutException: Read timed out
	at altunity.alttrashcatj.GamePlayTest.loadLevel(GamePlayTest.java:33)
Caused by: java.net.SocketTimeoutException: Read timed out
	at altunity.alttrashcatj.GamePlayTest.loadLevel(GamePlayTest.java:33)
</error>
    <system-out><![CDATA[2020-01-22 10:33:34 INFO  AltBaseCommand:68    -   Sending rpc message [loadScene;Main;&]
]]></system-out>
  </testcase>
  <testcase name="testGameCanBePausedAndStopped" classname="altunity.alttrashcatj.GamePlayTest" time="30.075">
    <error message="java.net.SocketTimeoutException: Read timed out" type="ro.altom.altunitytester.altUnityTesterExceptions.ConnectionException">ro.altom.altunitytester.altUnityTesterExceptions.ConnectionException: java.net.SocketTimeoutException: Read timed out
	at altunity.alttrashcatj.GamePlayTest.loadLevel(GamePlayTest.java:33)
Caused by: java.net.SocketTimeoutException: Read timed out
	at altunity.alttrashcatj.GamePlayTest.loadLevel(GamePlayTest.java:33)
</error>
    <system-out><![CDATA[2020-01-22 10:34:04 INFO  AltBaseCommand:68    -   Sending rpc message [loadScene;Main;&]
]]></system-out>
  </testcase>
</testsuite>