<?xml version="1.0" encoding="UTF-8"?>
<!-- Generated by org.testng.reporters.JUnitReportReporter -->
<testsuite hostname="AltMac08.local" failures="0" tests="5" name="GamePlayTest" time="19.997" errors="0" timestamp="8 Mar 2022 08:44:45 GMT">
  <testcase classname="GamePlayTest" name="testGamePlayDisplayedCorrectly" time="0.434"/>
  <testcase classname="GamePlayTest" name="testGameCanBePausedAndStopped" time="1.198"/>
  <testcase classname="GamePlayTest" name="testPlayerDiesWhenObstacleNotAvoided" time="16.552"/>
  <testcase classname="GamePlayTest" name="testAvoidingObstacles" time="0.637"/>
  <testcase classname="GamePlayTest" name="testGameCanBePausedAndResumed" time="1.176"/>
</testsuite> <!-- GamePlayTest -->
