<?xml version="1.0" encoding="UTF-8"?>
<!-- Generated by org.testng.reporters.JUnitReportReporter -->
<testsuite hostname="AltMac08.local" failures="0" tests="4" name="ShopTest" time="6.520" errors="0" timestamp="8 Mar 2022 08:44:45 GMT">
  <testcase classname="ShopTest" name="testPremiumPopUpOpen" time="0.420"/>
  <testcase classname="ShopTest" name="ShopPageLoadedCorrectly" time="0.948"/>
  <testcase classname="ShopTest" name="testShopPageCanBeClosed" time="1.989"/>
  <testcase classname="ShopTest" name="testPremiumPopUpClosed" time="3.163"/>
</testsuite> <!-- ShopTest -->
