<?xml version="1.0" encoding="UTF-8"?>
<!-- Generated by org.testng.reporters.JUnitReportReporter -->
<testsuite hostname="AltMac08.local" failures="0" tests="1" name="MainMenuTest" time="0.730" errors="0" timestamp="8 Mar 2022 08:44:45 GMT">
  <testcase classname="MainMenuTest" name="TestMainPageLoadedCorrectly" time="0.730"/>
</testsuite> <!-- MainMenuTest -->
