<?xml version="1.0" encoding="UTF-8"?>
<!-- Generated by org.testng.reporters.JUnitReportReporter -->
<testsuite hostname="AltMac08.local" failures="0" tests="1" name="AppTest" time="0.002" errors="0" timestamp="8 Mar 2022 08:44:45 GMT">
  <testcase classname="AppTest" name="testApp" time="0.002"/>
</testsuite> <!-- AppTest -->
