<?xml version="1.0" encoding="UTF-8"?>
<!-- Generated by org.testng.reporters.JUnitReportReporter -->
<testsuite hostname="AltMac08.local" failures="0" tests="1" name="MainMenuTest" time="2.292" errors="0" timestamp="8 Mar 2022 14:35:05 GMT">
  <testcase classname="MainMenuTest" name="TestMainPageLoadedCorrectly" time="2.292"/>
</testsuite> <!-- MainMenuTest -->
