<?xml version="1.0" encoding="UTF-8"?>
<!-- Generated by org.testng.reporters.JUnitReportReporter -->
<testsuite hostname="AltMac08.local" failures="0" tests="5" name="GamePlayTest" time="36.361" errors="0" timestamp="8 Mar 2022 14:35:05 GMT">
  <testcase classname="GamePlayTest" name="testGameCanBePausedAndStopped" time="3.780"/>
  <testcase classname="GamePlayTest" name="testGamePlayDisplayedCorrectly" time="2.605"/>
  <testcase classname="GamePlayTest" name="testGameCanBePausedAndResumed" time="3.316"/>
  <testcase classname="GamePlayTest" name="testPlayerDiesWhenObstacleNotAvoided" time="23.607"/>
  <testcase classname="GamePlayTest" name="testAvoidingObstacles" time="3.053"/>
</testsuite> <!-- GamePlayTest -->
