<?xml version="1.0" encoding="UTF-8"?>
<!-- Generated by org.testng.reporters.JUnitReportReporter -->
<testsuite hostname="AltMac08.local" failures="0" tests="4" name="ShopTest" time="12.397" errors="0" timestamp="8 Mar 2022 14:35:05 GMT">
  <testcase classname="ShopTest" name="ShopPageLoadedCorrectly" time="2.475"/>
  <testcase classname="ShopTest" name="testPremiumPopUpOpen" time="2.095"/>
  <testcase classname="ShopTest" name="testShopPageCanBeClosed" time="3.425"/>
  <testcase classname="ShopTest" name="testPremiumPopUpClosed" time="4.402"/>
</testsuite> <!-- ShopTest -->
