<?xml version="1.0" encoding="UTF-8"?>
<!-- Generated by org.testng.reporters.JUnitReportReporter -->
<testsuite hostname="AltMac08.local" failures="0" tests="2" name="StartPageTest" time="5.814" errors="0" timestamp="8 Mar 2022 14:35:05 GMT">
  <testcase classname="StartPageTest" name="testStartButtonLoadMainMenu" time="3.647"/>
  <testcase classname="StartPageTest" name="testStartPageLoadedCorrectly" time="2.167"/>
</testsuite> <!-- StartPageTest -->
